
> skill-hub@1.0.0 create-admin
> node create-admin.js

Failed to create admin account: MongooseServerSelectionError: Could not connect to any servers in your MongoDB Atlas cluster. One common reason is that you're trying to access the database from an IP that isn't whitelisted. Make sure your current IP address is on your Atlas cluster's IP whitelist: https://www.mongodb.com/docs/atlas/security-whitelist/
    at _handleConnectionErrors (C:\Users\DELL\Desktop\Last Hales\Skill Hub\node_modules\mongoose\lib\connection.js:816:11)
    at NativeConnection.openUri (C:\Users\DELL\Desktop\Last Hales\Skill Hub\node_modules\mongoose\lib\connection.js:791:11)
    at process.processTicksAndRejections (node:internal/process/task_queues:103:5)
    at async createAdmin (C:\Users\DELL\Desktop\Last Hales\Skill Hub\create-admin.js:15:5) {
  reason: TopologyDescription {
    type: 'ReplicaSetNoPrimary',
    servers: Map(3) {
      'ac-atemypu-shard-00-02.cjj6c5k.mongodb.net:27017' => [ServerDescription],
      'ac-atemypu-shard-00-01.cjj6c5k.mongodb.net:27017' => [ServerDescription],
      'ac-atemypu-shard-00-00.cjj6c5k.mongodb.net:27017' => [ServerDescription]
    },
    stale: false,
    compatible: true,
    heartbeatFrequencyMS: 10000,
    localThresholdMS: 15,
    setName: 'atlas-63epyz-shard-0',
    maxElectionId: null,
    maxSetVersion: null,
    commonWireVersion: 0,
    logicalSessionTimeoutMinutes: null
  },
  code: undefined
}
